<?xml version="1.0" encoding="UTF-8"?>
<!-- Generated by org.testng.reporters.JUnitXMLReporter -->
<testsuite ignored="0" hostname="MacBook-Pro-Admin.local" failures="0" tests="6" name="Command line test" time="0.062" errors="0" timestamp="2022-04-29T16:41:17 EEST">
  <testcase classname="SummOfArrayTest" name="testSummOfArrayEmptyArr" time="0.006"/>
  <testcase classname="SummOfArrayTest" name="testSummOfArrayHappyPath" time="0.001"/>
  <testcase classname="SummOfArrayTest" name="testSummOfArrayOneData" time="0.001"/>
  <testcase classname="SummOfArrayTest" name="testSummOfArrayZero" time="0.001"/>
  <testcase classname="MainTest" name="testAbbr4" time="0.003"/>
  <testcase classname="MainTest" name="testAbbr8" time="0.0"/>
</testsuite> <!-- Command line test -->
