<?xml version="1.0" encoding="UTF-8" ?>
<testsuite tests="6" failures="0" name="TestSuite" time="0.011" errors="0" skipped="0">
  <properties>
[...]
</properties>
  <testcase classname="SummOfArrayTest" name="testSummOfArrayEmptyArr" time="0.007"/>
  <testcase classname="SummOfArrayTest" name="testSummOfArrayHappyPath" time="0"/>
  <testcase classname="SummOfArrayTest" name="testSummOfArrayOneData" time="0"/>
  <testcase classname="SummOfArrayTest" name="testSummOfArrayZero" time="0"/>
  <testcase classname="MainTest" name="testAbbr4" time="0.004"/>
  <testcase classname="MainTest" name="testAbbr8" time="0"/>
</testsuite>