<?xml version="1.0" encoding="UTF-8"?>
<testng-results ignored="0" total="6" passed="6" failed="0" skipped="0">
  <reporter-output>
  </reporter-output>
  <suite started-at="2022-04-29T16:41:17 EEST" name="Command line suite" finished-at="2022-04-29T16:41:17 EEST" duration-ms="62">
    <groups>
    </groups>
    <test started-at="2022-04-29T16:41:17 EEST" name="Command line test" finished-at="2022-04-29T16:41:17 EEST" duration-ms="62">
      <class name="MainTest">
        <test-method signature="testAbbr4()[pri:0, instance:MainTest@85aa1de0]" started-at="2022-04-29T16:41:17 EEST" name="testAbbr4" finished-at="2022-04-29T16:41:17 EEST" duration-ms="3" status="PASS">
          <reporter-output>
          </reporter-output>
        </test-method> <!-- testAbbr4 -->
        <test-method signature="testAbbr8()[pri:0, instance:MainTest@85aa1de0]" started-at="2022-04-29T16:41:17 EEST" name="testAbbr8" finished-at="2022-04-29T16:41:17 EEST" duration-ms="0" status="PASS">
          <reporter-output>
          </reporter-output>
        </test-method> <!-- testAbbr8 -->
      </class> <!-- MainTest -->
      <class name="SummOfArrayTest">
        <test-method signature="testSummOfArrayEmptyArr()[pri:0, instance:SummOfArrayTest@18c6089a]" started-at="2022-04-29T16:41:17 EEST" name="testSummOfArrayEmptyArr" finished-at="2022-04-29T16:41:17 EEST" duration-ms="6" status="PASS">
          <reporter-output>
          </reporter-output>
        </test-method> <!-- testSummOfArrayEmptyArr -->
        <test-method signature="testSummOfArrayHappyPath()[pri:0, instance:SummOfArrayTest@18c6089a]" started-at="2022-04-29T16:41:17 EEST" name="testSummOfArrayHappyPath" finished-at="2022-04-29T16:41:17 EEST" duration-ms="1" status="PASS">
          <reporter-output>
          </reporter-output>
        </test-method> <!-- testSummOfArrayHappyPath -->
        <test-method signature="testSummOfArrayOneData()[pri:0, instance:SummOfArrayTest@18c6089a]" started-at="2022-04-29T16:41:17 EEST" name="testSummOfArrayOneData" finished-at="2022-04-29T16:41:17 EEST" duration-ms="1" status="PASS">
          <reporter-output>
          </reporter-output>
        </test-method> <!-- testSummOfArrayOneData -->
        <test-method signature="testSummOfArrayZero()[pri:0, instance:SummOfArrayTest@18c6089a]" started-at="2022-04-29T16:41:17 EEST" name="testSummOfArrayZero" finished-at="2022-04-29T16:41:17 EEST" duration-ms="1" status="PASS">
          <reporter-output>
          </reporter-output>
        </test-method> <!-- testSummOfArrayZero -->
      </class> <!-- SummOfArrayTest -->
    </test> <!-- Command line test -->
  </suite> <!-- Command line suite -->
</testng-results>
